<?xml version="1.0" encoding="UTF-8"?>
<!-- Generated by org.testng.reporters.JUnitReportReporter -->
<testsuite hostname="XE-GGN-IT-03166" failures="0" tests="4" name="com.tutorialsninja.qa.testcases.RegisterTest" time="51.302" errors="0" timestamp="2023-03-28T09:50:37 IST" skipped="0">
  <testcase classname="com.tutorialsninja.qa.testcases.RegisterTest" name="verifyRegistrationAnAccountWithMandetoryField" time="11.308"/>
  <system-out/>
  <testcase classname="com.tutorialsninja.qa.testcases.RegisterTest" name="verifyRegistrationAnAccountWithAllField" time="11.243"/>
  <system-out/>
  <testcase classname="com.tutorialsninja.qa.testcases.RegisterTest" name="verifyRegistrationAnAccountWithExistingMailAdress" time="18.582"/>
  <system-out/>
  <testcase classname="com.tutorialsninja.qa.testcases.RegisterTest" name="verifyRegistrationAnAccountWithoutAnyDetails" time="10.169"/>
  <system-out/>
</testsuite> <!-- com.tutorialsninja.qa.testcases.RegisterTest -->
