<?xml version="1.0" encoding="UTF-8"?>
<!-- Generated by org.testng.reporters.JUnitReportReporter -->
<testsuite hostname="USMUMSDABHADE1" failures="0" tests="4" name="com.tutorialsninja.qa.testcases.RegisterTest" time="31.864" errors="0" timestamp="2023-03-07T09:22:41 IST" skipped="0">
  <testcase classname="com.tutorialsninja.qa.testcases.RegisterTest" name="verifyRegistrationAnAccountWithMandetoryField" time="10.216"/>
  <system-out/>
  <testcase classname="com.tutorialsninja.qa.testcases.RegisterTest" name="verifyRegistrationAnAccountWithAllField" time="7.235"/>
  <system-out/>
  <testcase classname="com.tutorialsninja.qa.testcases.RegisterTest" name="verifyRegistrationAnAccountWithExistingMailAdress" time="7.408"/>
  <system-out/>
  <testcase classname="com.tutorialsninja.qa.testcases.RegisterTest" name="verifyRegistrationAnAccountWithoutAnyDetails" time="7.005"/>
  <system-out/>
</testsuite> <!-- com.tutorialsninja.qa.testcases.RegisterTest -->
